0 info it worked if it ends with ok
1 verbose cli [ '/Users/rauljordan/.nvm/versions/node/v6.6.0/bin/node',
1 verbose cli   '/Users/rauljordan/.nvm/versions/node/v6.6.0/bin/npm',
1 verbose cli   'publish' ]
2 info using npm@3.10.3
3 info using node@v6.6.0
4 verbose publish [ '.' ]
5 silly cache add args [ '.', null ]
6 verbose cache add spec .
7 silly cache add parsed spec Result {
7 silly cache add   raw: '.',
7 silly cache add   scope: null,
7 silly cache add   escapedName: null,
7 silly cache add   name: null,
7 silly cache add   rawSpec: '.',
7 silly cache add   spec: '/Users/rauljordan/Desktop/Code/Functional/kyntools',
7 silly cache add   type: 'directory' }
8 verbose addLocalDirectory /Users/rauljordan/.npm/kyntools/0.0.4/package.tgz not in flight; packing
9 verbose correctMkdir /Users/rauljordan/.npm correctMkdir not in flight; initializing
10 info lifecycle kyntools@0.0.4~prepublish: kyntools@0.0.4
11 silly lifecycle kyntools@0.0.4~prepublish: no script for prepublish, continuing
12 verbose tar pack [ '/Users/rauljordan/.npm/kyntools/0.0.4/package.tgz',
12 verbose tar pack   '/Users/rauljordan/Desktop/Code/Functional/kyntools' ]
13 verbose tarball /Users/rauljordan/.npm/kyntools/0.0.4/package.tgz
14 verbose folder /Users/rauljordan/Desktop/Code/Functional/kyntools
15 verbose addLocalTarball adding from inside cache /Users/rauljordan/.npm/kyntools/0.0.4/package.tgz
16 verbose correctMkdir /Users/rauljordan/.npm correctMkdir not in flight; initializing
17 silly cache afterAdd kyntools@0.0.4
18 verbose afterAdd /Users/rauljordan/.npm/kyntools/0.0.4/package/package.json not in flight; writing
19 verbose correctMkdir /Users/rauljordan/.npm correctMkdir not in flight; initializing
20 verbose afterAdd /Users/rauljordan/.npm/kyntools/0.0.4/package/package.json written
21 silly publish { name: 'kyntools',
21 silly publish   version: '0.0.4',
21 silly publish   main: './dist/index.js',
21 silly publish   scripts:
21 silly publish    { compile: 'babel ./src --out-dir ./dist',
21 silly publish      lint: 'eslint ./src --ignore-pattern **/*.min.js  --ext .js --ext .jsx',
21 silly publish      lintfix: 'npm run lint -- --fix',
21 silly publish      flow: 'flow; test $? -eq 0 -o $? -eq 2',
21 silly publish      test: 'mocha --watch --compilers js:babel-core/register' },
21 silly publish   devDependencies:
21 silly publish    { 'babel-cli': '^6.18.0',
21 silly publish      'babel-core': '6.x.x',
21 silly publish      'babel-eslint': '^7.1.0',
21 silly publish      'babel-plugin-react-require': '2.x.x',
21 silly publish      'babel-polyfill': '6.x.x',
21 silly publish      'babel-preset-es2015': '6.x.x',
21 silly publish      'babel-preset-react': '6.x.x',
21 silly publish      'babel-preset-stage-2': '6.x.x',
21 silly publish      'babel-root-slash-import': '1.x.x',
21 silly publish      chai: '3.x.x',
21 silly publish      'deep-freeze': '0.0.1',
21 silly publish      eslint: '^1.10.3',
21 silly publish      'eslint-plugin-flowtype': '^2.25.0',
21 silly publish      'eslint-plugin-react': '^3.15.0',
21 silly publish      'flow-bin': '^0.32.0',
21 silly publish      mocha: '2.x.x' },
21 silly publish   readme: '# Kyntools\n\nA collection of internal functional tools we use at Kynplex, implemented in Javascript!\n\nKyntools includes comprehensive Monads such as Maybe, List, Identity, and other applicative structures. Currently in the works to make it completely open source.\n\n`npm install kyntools`\n\n\n# Contribution Guidelines\n\nMake sure you submit a well-commented pull request with tests for your new feature.\n',
21 silly publish   readmeFilename: 'README.md',
21 silly publish   gitHead: '36f92571f6fec1e24292acd6d818df251fa36b5e',
21 silly publish   description: 'A collection of internal functional tools we use at Kynplex, implemented in Javascript!',
21 silly publish   _id: 'kyntools@0.0.4',
21 silly publish   _shasum: 'a0cd4a500b8252ef1505b35d180fea8f06aa06bf',
21 silly publish   _from: '.' }
22 verbose getPublishConfig undefined
23 silly mapToRegistry name kyntools
24 silly mapToRegistry using default registry
25 silly mapToRegistry registry https://registry.npmjs.org/
26 silly mapToRegistry data Result {
26 silly mapToRegistry   raw: 'kyntools',
26 silly mapToRegistry   scope: null,
26 silly mapToRegistry   escapedName: 'kyntools',
26 silly mapToRegistry   name: 'kyntools',
26 silly mapToRegistry   rawSpec: '',
26 silly mapToRegistry   spec: 'latest',
26 silly mapToRegistry   type: 'tag' }
27 silly mapToRegistry uri https://registry.npmjs.org/kyntools
28 verbose publish registryBase https://registry.npmjs.org/
29 silly publish uploading /Users/rauljordan/.npm/kyntools/0.0.4/package.tgz
30 verbose request uri https://registry.npmjs.org/kyntools
31 verbose request sending authorization for write operation
32 info attempt registry request try #1 at 10:03:27 PM
33 verbose request using bearer token for auth
34 verbose request id d005a2a9b85b7edf
35 http request PUT https://registry.npmjs.org/kyntools
36 http 403 https://registry.npmjs.org/kyntools
37 verbose headers { 'content-type': 'application/json',
37 verbose headers   'cache-control': 'max-age=300',
37 verbose headers   'content-length': '95',
37 verbose headers   'accept-ranges': 'bytes',
37 verbose headers   date: 'Thu, 17 Nov 2016 03:03:28 GMT',
37 verbose headers   via: '1.1 varnish',
37 verbose headers   connection: 'keep-alive',
37 verbose headers   'x-served-by': 'cache-bos8222-BOS',
37 verbose headers   'x-cache': 'MISS',
37 verbose headers   'x-cache-hits': '0',
37 verbose headers   'x-timer': 'S1479351807.643193,VS0,VE933',
37 verbose headers   vary: 'Accept-Encoding' }
38 verbose request invalidating /Users/rauljordan/.npm/registry.npmjs.org/kyntools on PUT
39 error publish Failed PUT 403
40 verbose stack Error: "You cannot publish over the previously published version 0.0.4." : kyntools
40 verbose stack     at makeError (/Users/rauljordan/.nvm/versions/node/v6.6.0/lib/node_modules/npm/node_modules/npm-registry-client/lib/request.js:264:12)
40 verbose stack     at CachingRegistryClient.<anonymous> (/Users/rauljordan/.nvm/versions/node/v6.6.0/lib/node_modules/npm/node_modules/npm-registry-client/lib/request.js:252:14)
40 verbose stack     at Request._callback (/Users/rauljordan/.nvm/versions/node/v6.6.0/lib/node_modules/npm/node_modules/npm-registry-client/lib/request.js:172:14)
40 verbose stack     at Request.self.callback (/Users/rauljordan/.nvm/versions/node/v6.6.0/lib/node_modules/npm/node_modules/request/request.js:200:22)
40 verbose stack     at emitTwo (events.js:106:13)
40 verbose stack     at Request.emit (events.js:191:7)
40 verbose stack     at Request.<anonymous> (/Users/rauljordan/.nvm/versions/node/v6.6.0/lib/node_modules/npm/node_modules/request/request.js:1067:10)
40 verbose stack     at emitOne (events.js:101:20)
40 verbose stack     at Request.emit (events.js:188:7)
40 verbose stack     at IncomingMessage.<anonymous> (/Users/rauljordan/.nvm/versions/node/v6.6.0/lib/node_modules/npm/node_modules/request/request.js:988:12)
41 verbose statusCode 403
42 verbose pkgid kyntools
43 verbose cwd /Users/rauljordan/Desktop/Code/Functional/kyntools
44 error Darwin 16.0.0
45 error argv "/Users/rauljordan/.nvm/versions/node/v6.6.0/bin/node" "/Users/rauljordan/.nvm/versions/node/v6.6.0/bin/npm" "publish"
46 error node v6.6.0
47 error npm  v3.10.3
48 error code E403
49 error "You cannot publish over the previously published version 0.0.4." : kyntools
50 error If you need help, you may report this error at:
50 error     <https://github.com/npm/npm/issues>
51 verbose exit [ 1, true ]
